<?xml version="1.0" encoding="UTF-8"?>
<!-- Generated by org.testng.reporters.JUnitXMLReporter -->
<testsuite ignored="0" hostname="CSCO-W-PF2RNYDC" failures="0" tests="4" name="Test" time="0.057" errors="0" timestamp="2023-01-04T14:36:09 IST">
  <testcase classname="com.testdd.ClassTdd" name="Test2" time="0.006"/>
  <testcase classname="com.testdd.ClassTdd" name="Test1" time="0.007"/>
  <testcase classname="com.testdd.ClassTdd" name="Test3" time="0.001"/>
  <testcase classname="com.testdd.ClassTdd" name="Test4" time="0.002"/>
</testsuite> <!-- Test -->
