<?xml version="1.0" encoding="UTF-8"?>
<testng-results ignored="0" total="4" passed="4" failed="0" skipped="0">
  <reporter-output>
  </reporter-output>
  <suite started-at="2023-01-04T14:36:09 IST" name="Suite" finished-at="2023-01-04T14:36:09 IST" duration-ms="57">
    <groups>
    </groups>
    <test started-at="2023-01-04T14:36:09 IST" name="Test" finished-at="2023-01-04T14:36:09 IST" duration-ms="57">
      <class name="com.testdd.ClassTdd">
        <test-method is-config="true" signature="beforeMethod()[pri:0, instance:com.testdd.ClassTdd@1649b0e6]" started-at="2023-01-04T14:36:09 IST" name="beforeMethod" finished-at="2023-01-04T14:36:09 IST" duration-ms="4" status="PASS">
          <reporter-output>
          </reporter-output>
        </test-method> <!-- beforeMethod -->
        <test-method is-config="true" signature="beforeMethod()[pri:0, instance:com.testdd.ClassTdd@1649b0e6]" started-at="2023-01-04T14:36:09 IST" name="beforeMethod" finished-at="2023-01-04T14:36:09 IST" duration-ms="4" status="PASS">
          <reporter-output>
          </reporter-output>
        </test-method> <!-- beforeMethod -->
        <test-method signature="Test2()[pri:0, instance:com.testdd.ClassTdd@1649b0e6]" started-at="2023-01-04T14:36:09 IST" name="Test2" finished-at="2023-01-04T14:36:09 IST" duration-ms="6" status="PASS">
          <reporter-output>
          </reporter-output>
        </test-method> <!-- Test2 -->
        <test-method signature="Test1()[pri:0, instance:com.testdd.ClassTdd@1649b0e6]" started-at="2023-01-04T14:36:09 IST" name="Test1" finished-at="2023-01-04T14:36:09 IST" duration-ms="7" status="PASS">
          <reporter-output>
          </reporter-output>
        </test-method> <!-- Test1 -->
        <test-method is-config="true" signature="afterMethod()[pri:0, instance:com.testdd.ClassTdd@1649b0e6]" started-at="2023-01-04T14:36:09 IST" name="afterMethod" finished-at="2023-01-04T14:36:09 IST" duration-ms="0" status="PASS">
          <reporter-output>
          </reporter-output>
        </test-method> <!-- afterMethod -->
        <test-method is-config="true" signature="afterMethod()[pri:0, instance:com.testdd.ClassTdd@1649b0e6]" started-at="2023-01-04T14:36:09 IST" name="afterMethod" finished-at="2023-01-04T14:36:09 IST" duration-ms="0" status="PASS">
          <reporter-output>
          </reporter-output>
        </test-method> <!-- afterMethod -->
        <test-method is-config="true" signature="beforeMethod()[pri:0, instance:com.testdd.ClassTdd@1649b0e6]" started-at="2023-01-04T14:36:09 IST" name="beforeMethod" finished-at="2023-01-04T14:36:09 IST" duration-ms="0" status="PASS">
          <reporter-output>
          </reporter-output>
        </test-method> <!-- beforeMethod -->
        <test-method signature="Test4()[pri:0, instance:com.testdd.ClassTdd@1649b0e6]" started-at="2023-01-04T14:36:09 IST" name="Test4" finished-at="2023-01-04T14:36:09 IST" duration-ms="2" status="PASS">
          <reporter-output>
          </reporter-output>
        </test-method> <!-- Test4 -->
        <test-method signature="Test3()[pri:0, instance:com.testdd.ClassTdd@1649b0e6]" started-at="2023-01-04T14:36:09 IST" name="Test3" finished-at="2023-01-04T14:36:09 IST" duration-ms="1" status="PASS">
          <reporter-output>
          </reporter-output>
        </test-method> <!-- Test3 -->
        <test-method is-config="true" signature="beforeMethod()[pri:0, instance:com.testdd.ClassTdd@1649b0e6]" started-at="2023-01-04T14:36:09 IST" name="beforeMethod" finished-at="2023-01-04T14:36:09 IST" duration-ms="0" status="PASS">
          <reporter-output>
          </reporter-output>
        </test-method> <!-- beforeMethod -->
        <test-method is-config="true" signature="afterMethod()[pri:0, instance:com.testdd.ClassTdd@1649b0e6]" started-at="2023-01-04T14:36:09 IST" name="afterMethod" finished-at="2023-01-04T14:36:09 IST" duration-ms="0" status="PASS">
          <reporter-output>
          </reporter-output>
        </test-method> <!-- afterMethod -->
        <test-method is-config="true" signature="afterMethod()[pri:0, instance:com.testdd.ClassTdd@1649b0e6]" started-at="2023-01-04T14:36:09 IST" name="afterMethod" finished-at="2023-01-04T14:36:09 IST" duration-ms="1" status="PASS">
          <reporter-output>
          </reporter-output>
        </test-method> <!-- afterMethod -->
      </class> <!-- com.testdd.ClassTdd -->
    </test> <!-- Test -->
  </suite> <!-- Suite -->
</testng-results>
