<?xml version="1.0" encoding="UTF-8"?>
<testng-results ignored="1" total="3" passed="2" failed="0" skipped="0">
  <reporter-output>
  </reporter-output>
  <suite started-at="2023-01-04T17:16:49 IST" name="SuiteAutomation" finished-at="2023-01-04T17:16:49 IST" duration-ms="46">
    <groups>
      <group name="smoke">
        <method signature="TestGroups.Test2()[pri:0, instance:com.report.testgroups.TestGroups@4da4253]" name="Test2" class="com.report.testgroups.TestGroups"/>
      </group> <!-- smoke -->
      <group name="invalid login">
        <method signature="TestGroups.Test1()[pri:0, instance:com.report.testgroups.TestGroups@4da4253]" name="Test1" class="com.report.testgroups.TestGroups"/>
      </group> <!-- invalid login -->
      <group name="login">
        <method signature="TestGroups.Test1()[pri:0, instance:com.report.testgroups.TestGroups@4da4253]" name="Test1" class="com.report.testgroups.TestGroups"/>
        <method signature="TestGroups.Test2()[pri:0, instance:com.report.testgroups.TestGroups@4da4253]" name="Test2" class="com.report.testgroups.TestGroups"/>
      </group> <!-- login -->
      <group name="valid login">
        <method signature="TestGroups.Test2()[pri:0, instance:com.report.testgroups.TestGroups@4da4253]" name="Test2" class="com.report.testgroups.TestGroups"/>
      </group> <!-- valid login -->
    </groups>
    <test started-at="2023-01-04T17:16:49 IST" name="GroupTest" finished-at="2023-01-04T17:16:49 IST" duration-ms="46">
      <class name="com.report.testgroups.TestGroups">
        <test-method signature="Test1()[pri:0, instance:com.report.testgroups.TestGroups@4da4253]" started-at="2023-01-04T17:16:49 IST" name="Test1" finished-at="2023-01-04T17:16:49 IST" duration-ms="6" status="PASS">
          <reporter-output>
          </reporter-output>
        </test-method> <!-- Test1 -->
        <test-method signature="Test2()[pri:0, instance:com.report.testgroups.TestGroups@4da4253]" started-at="2023-01-04T17:16:49 IST" name="Test2" finished-at="2023-01-04T17:16:49 IST" duration-ms="0" status="PASS">
          <reporter-output>
          </reporter-output>
        </test-method> <!-- Test2 -->
      </class> <!-- com.report.testgroups.TestGroups -->
    </test> <!-- GroupTest -->
  </suite> <!-- SuiteAutomation -->
</testng-results>
