<?xml version="1.0" encoding="UTF-8"?>
<testng-results skipped="0" failed="0" ignored="0" total="1" passed="1">
  <reporter-output>
  </reporter-output>
  <suite name="Default suite" duration-ms="111849" started-at="2023-03-17T23:54:05 IST" finished-at="2023-03-17T23:55:57 IST">
    <groups>
    </groups>
    <test name="Default test" duration-ms="111849" started-at="2023-03-17T23:54:05 IST" finished-at="2023-03-17T23:55:57 IST">
      <class name="com.testMobile.testClass">
        <test-method status="PASS" signature="beforeMethod()[pri:0, instance:com.testMobile.testClass@1fc2b765]" name="beforeMethod" is-config="true" duration-ms="45987" started-at="2023-03-17T23:54:06 IST" finished-at="2023-03-17T23:54:52 IST">
          <reporter-output>
          </reporter-output>
        </test-method> <!-- beforeMethod -->
        <test-method status="PASS" signature="TestRestaurant()[pri:0, instance:com.testMobile.testClass@1fc2b765]" name="TestRestaurant" duration-ms="65713" started-at="2023-03-17T23:54:52 IST" finished-at="2023-03-17T23:55:57 IST">
          <reporter-output>
          </reporter-output>
        </test-method> <!-- TestRestaurant -->
        <test-method status="PASS" signature="afterMethod()[pri:0, instance:com.testMobile.testClass@1fc2b765]" name="afterMethod" is-config="true" duration-ms="1" started-at="2023-03-17T23:55:57 IST" finished-at="2023-03-17T23:55:57 IST">
          <reporter-output>
          </reporter-output>
        </test-method> <!-- afterMethod -->
      </class> <!-- com.testMobile.testClass -->
    </test> <!-- Default test -->
  </suite> <!-- Default suite -->
</testng-results>
