<?xml version="1.0" encoding="UTF-8"?>
<!-- Generated by org.testng.reporters.JUnitXMLReporter -->
<testsuite ignored="1" hostname="CSCO-W-PF2RNYDC" failures="0" tests="2" name="GroupTest" time="0.046" errors="0" timestamp="2023-01-04T17:16:49 IST">
  <testcase classname="com.report.testgroups.TestGroups" name="Test1" time="0.006"/>
  <testcase classname="com.report.testgroups.TestGroups" name="Test2" time="0.0"/>
  <testcase classname="com.report.testgroups.TestGroups" name="Test3" time="0.0">
    <ignored/>
  </testcase> <!-- Test3 -->
</testsuite> <!-- GroupTest -->
